C:\USERS\황세현2\DOCUMENTS\VISUAL STUDIO 2012\PROJECTS\CONSOLEAPPLICATION1\CONSOLEAPPLICATION1\DEBUG\CONSOLEAPPLICATION1.PCH
C:\USERS\황세현2\DOCUMENTS\VISUAL STUDIO 2012\PROJECTS\CONSOLEAPPLICATION1\CONSOLEAPPLICATION1\DEBUG\STDAFX.OBJ
C:\USERS\황세현2\DOCUMENTS\VISUAL STUDIO 2012\PROJECTS\CONSOLEAPPLICATION1\CONSOLEAPPLICATION1\DEBUG\VC110.PDB
C:\USERS\황세현2\DOCUMENTS\VISUAL STUDIO 2012\PROJECTS\CONSOLEAPPLICATION1\CONSOLEAPPLICATION1\DEBUG\CONSOLEAPPLICATION1.OBJ
C:\USERS\황세현2\DOCUMENTS\VISUAL STUDIO 2012\PROJECTS\CONSOLEAPPLICATION1\DEBUG\CONSOLEAPPLICATION1.ILK
C:\USERS\황세현2\DOCUMENTS\VISUAL STUDIO 2012\PROJECTS\CONSOLEAPPLICATION1\DEBUG\CONSOLEAPPLICATION1.EXE
C:\USERS\황세현2\DOCUMENTS\VISUAL STUDIO 2012\PROJECTS\CONSOLEAPPLICATION1\DEBUG\CONSOLEAPPLICATION1.PDB
C:\Users\황세현2\Documents\Visual Studio 2012\Projects\ConsoleApplication1\ConsoleApplication1\Debug\ConsoleApplication1.obj
C:\Users\황세현2\Documents\Visual Studio 2012\Projects\ConsoleApplication1\ConsoleApplication1\Debug\stdafx.obj
C:\Users\황세현2\Documents\Visual Studio 2012\Projects\ConsoleApplication1\ConsoleApplication1\Debug\cl.command.1.tlog
C:\Users\황세현2\Documents\Visual Studio 2012\Projects\ConsoleApplication1\ConsoleApplication1\Debug\CL.read.1.tlog
C:\Users\황세현2\Documents\Visual Studio 2012\Projects\ConsoleApplication1\ConsoleApplication1\Debug\CL.write.1.tlog
C:\Users\황세현2\Documents\Visual Studio 2012\Projects\ConsoleApplication1\ConsoleApplication1\Debug\link-cvtres.read.1.tlog
C:\Users\황세현2\Documents\Visual Studio 2012\Projects\ConsoleApplication1\ConsoleApplication1\Debug\link-cvtres.write.1.tlog
C:\Users\황세현2\Documents\Visual Studio 2012\Projects\ConsoleApplication1\ConsoleApplication1\Debug\link-rc.read.1.tlog
C:\Users\황세현2\Documents\Visual Studio 2012\Projects\ConsoleApplication1\ConsoleApplication1\Debug\link-rc.write.1.tlog
C:\Users\황세현2\Documents\Visual Studio 2012\Projects\ConsoleApplication1\ConsoleApplication1\Debug\link.4396-cvtres.read.1.tlog
C:\Users\황세현2\Documents\Visual Studio 2012\Projects\ConsoleApplication1\ConsoleApplication1\Debug\link.4396-cvtres.write.1.tlog
C:\Users\황세현2\Documents\Visual Studio 2012\Projects\ConsoleApplication1\ConsoleApplication1\Debug\link.4396-rc.read.1.tlog
C:\Users\황세현2\Documents\Visual Studio 2012\Projects\ConsoleApplication1\ConsoleApplication1\Debug\link.4396-rc.write.1.tlog
C:\Users\황세현2\Documents\Visual Studio 2012\Projects\ConsoleApplication1\ConsoleApplication1\Debug\link.4396.read.1.tlog
C:\Users\황세현2\Documents\Visual Studio 2012\Projects\ConsoleApplication1\ConsoleApplication1\Debug\link.4396.write.1.tlog
C:\Users\황세현2\Documents\Visual Studio 2012\Projects\ConsoleApplication1\ConsoleApplication1\Debug\link.command.1.tlog
C:\Users\황세현2\Documents\Visual Studio 2012\Projects\ConsoleApplication1\ConsoleApplication1\Debug\link.read.1.tlog
C:\Users\황세현2\Documents\Visual Studio 2012\Projects\ConsoleApplication1\ConsoleApplication1\Debug\link.write.1.tlog
C:\Users\황세현2\Documents\Visual Studio 2012\Projects\ConsoleApplication1\ConsoleApplication1\Debug\ConsoleApplication1.pch
C:\Users\황세현2\Documents\Visual Studio 2012\Projects\ConsoleApplication1\ConsoleApplication1\Debug\vc110.idb
C:\Users\황세현2\Documents\Visual Studio 2012\Projects\ConsoleApplication1\ConsoleApplication1\Debug\vc110.pdb
C:\Users\황세현2\Documents\Visual Studio 2012\Projects\ConsoleApplication1\Debug\ConsoleApplication1.pdb
C:\Users\황세현2\Documents\Visual Studio 2012\Projects\ConsoleApplication1\Debug\ConsoleApplication1.exe
C:\Users\황세현2\Documents\Visual Studio 2012\Projects\ConsoleApplication1\Debug\ConsoleApplication1.ilk
